\BOOKMARK [1][-]{section.1}{\376\377\000I\000n\000t\000r\000o\000d\000u\000c\000t\000i\000o\000n}{}% 1
\BOOKMARK [2][-]{subsection.1.1}{\376\377\000P\000r\000o\000b\000l\000e\000m\000s\000\040\000B\000a\000c\000k\000g\000r\000o\000u\000n\000d}{section.1}% 2
\BOOKMARK [2][-]{subsection.1.2}{\376\377\000P\000r\000o\000b\000l\000e\000m\000s\000\040\000R\000e\000s\000t\000a\000t\000e\000m\000e\000n\000t\000\040\000\046\000\046\000\040\000A\000n\000a\000l\000y\000s\000i\000s}{section.1}% 3
\BOOKMARK [3][-]{subsubsection.1.2.1}{\376\377\000P\000r\000o\000b\000l\000e\000m\000\040\000O\000n\000e}{subsection.1.2}% 4
\BOOKMARK [3][-]{subsubsection.1.2.2}{\376\377\000P\000r\000o\000b\000l\000e\000m\000\040\000T\000w\000o}{subsection.1.2}% 5
\BOOKMARK [3][-]{subsubsection.1.2.3}{\376\377\000P\000r\000o\000b\000l\000e\000m\000\040\000T\000h\000r\000e\000e}{subsection.1.2}% 6
\BOOKMARK [3][-]{subsubsection.1.2.4}{\376\377\000P\000r\000o\000b\000l\000e\000m\000\040\000F\000o\000u\000r}{subsection.1.2}% 7
\BOOKMARK [3][-]{subsubsection.1.2.5}{\376\377\000P\000r\000o\000b\000l\000e\000m\000\040\000F\000i\000v\000e}{subsection.1.2}% 8
\BOOKMARK [1][-]{section.2}{\376\377\000M\000o\000d\000e\000l\000\040\000H\000y\000p\000o\000t\000h\000e\000s\000i\000s}{}% 9
\BOOKMARK [1][-]{section.3}{\376\377\000S\000y\000m\000b\000o\000l\000\040\000D\000e\000s\000c\000r\000i\000p\000t\000i\000o\000n}{}% 10
\BOOKMARK [1][-]{section.4}{\376\377\000M\000o\000d\000e\000l\000\040\000A\000n\000a\000l\000y\000s\000i\000s\000\040\000a\000n\000d\000\040\000P\000r\000o\000b\000l\000e\000m\000\040\000S\000o\000l\000u\000t\000i\000o\000n}{}% 11
\BOOKMARK [2][-]{subsection.4.1}{\376\377\000M\000o\000d\000e\000l\000\040\000f\000o\000r\000\040\000P\000r\000o\000b\000l\000e\000m\000\040\000O\000n\000e\000:\000\040\000F\000i\000x\000e\000d\000\040\000E\000f\000f\000e\000c\000t\000\040\000M\000o\000d\000e\000l}{section.4}% 12
\BOOKMARK [3][-]{subsubsection.4.1.1}{\376\377\000M\000o\000d\000e\000l\000\040\000E\000s\000t\000a\000b\000l\000i\000s\000h\000m\000e\000n\000t}{subsection.4.1}% 13
\BOOKMARK [3][-]{subsubsection.4.1.2}{\376\377\000R\000e\000s\000u\000l\000t\000s\000\040\000A\000n\000a\000l\000y\000s\000i\000s}{subsection.4.1}% 14
\BOOKMARK [2][-]{subsection.4.2}{\376\377\000M\000o\000d\000e\000l\000\040\000f\000o\000r\000\040\000P\000r\000o\000b\000l\000e\000m\000\040\000T\000w\000o}{section.4}% 15
\BOOKMARK [3][-]{subsubsection.4.2.1}{\376\377\000M\000o\000d\000e\000l\000\040\000E\000s\000t\000a\000b\000l\000i\000s\000h\000m\000e\000n\000t}{subsection.4.2}% 16
\BOOKMARK [3][-]{subsubsection.4.2.2}{\376\377\000R\000e\000s\000u\000l\000t\000s\000\040\000A\000n\000a\000l\000y\000s\000i\000s}{subsection.4.2}% 17
\BOOKMARK [2][-]{subsection.4.3}{\376\377\000S\000o\000l\000u\000t\000i\000o\000n\000\040\000f\000o\000r\000\040\000P\000r\000o\000b\000l\000e\000m\000\040\000T\000h\000r\000e\000e}{section.4}% 18
\BOOKMARK [3][-]{subsubsection.4.3.1}{\376\377\000M\000o\000d\000e\000l\000\040\000E\000s\000t\000a\000b\000l\000i\000s\000h\000m\000e\000n\000t}{subsection.4.3}% 19
\BOOKMARK [3][-]{subsubsection.4.3.2}{\376\377\000R\000e\000s\000u\000l\000t\000s\000\040\000A\000n\000a\000l\000y\000s\000i\000s}{subsection.4.3}% 20
\BOOKMARK [2][-]{subsection.4.4}{\376\377\000S\000o\000l\000u\000t\000i\000o\000n\000\040\000f\000o\000r\000\040\000P\000r\000o\000b\000l\000e\000m\000\040\000F\000o\000u\000r}{section.4}% 21
\BOOKMARK [2][-]{subsection.4.5}{\376\377\000S\000o\000l\000u\000t\000i\000o\000n\000\040\000f\000o\000r\000\040\000P\000r\000o\000b\000l\000e\000m\000\040\000F\000i\000v\000e}{section.4}% 22
\BOOKMARK [1][-]{section.5}{\376\377\000M\000o\000d\000e\000l\000\040\000E\000v\000a\000l\000u\000a\000t\000i\000o\000n}{}% 23
\BOOKMARK [2][-]{subsection.5.1}{\376\377\000E\000v\000a\000l\000u\000a\000t\000i\000o\000n\000\040\000f\000o\000r\000\040\000P\000r\000o\000b\000l\000e\000m\000\040\0001}{section.5}% 24
\BOOKMARK [2][-]{subsection.5.2}{\376\377\000E\000v\000a\000l\000u\000a\000t\000i\000o\000n\000\040\000f\000o\000r\000\040\000P\000r\000o\000b\000l\000e\000m\000\040\0002}{section.5}% 25
\BOOKMARK [2][-]{subsection.5.3}{\376\377\000E\000v\000a\000l\000u\000a\000t\000i\000o\000n\000\040\000f\000o\000r\000\040\000P\000r\000o\000b\000l\000e\000m\000\040\0003}{section.5}% 26
\BOOKMARK [1][-]{section*.18}{\376\377\000A\000p\000p\000e\000n\000d\000i\000c\000e\000s}{}% 27
\BOOKMARK [1][-]{Appendix.a.A}{\376\377\000A\000p\000p\000e\000n\000d\000i\000x\000\040\000F\000i\000r\000s\000t\000\040\000a\000p\000p\000e\000n\000d\000i\000x}{}% 28
