\BOOKMARK [1][]{section.1}{Introduction}{}% 1
\BOOKMARK [2][]{subsection.1.1}{Background}{section.1}% 2
\BOOKMARK [2][]{subsection.1.2}{Clarification\040of\040the\040Problem}{section.1}% 3
\BOOKMARK [1][]{section.2}{Preparation\040of\040the\040Models}{}% 4
\BOOKMARK [2][]{subsection.2.1}{Assumptions}{section.2}% 5
\BOOKMARK [2][]{subsection.2.2}{Variable\040Declaration}{section.2}% 6
\BOOKMARK [1][]{section.3}{Grids\040Traversing\040Model\040\(GTM\)}{}% 7
\BOOKMARK [2][]{subsection.3.1}{Grids\040Partition}{section.3}% 8
\BOOKMARK [2][]{subsection.3.2}{Determine\040the\040Grid\040Size}{section.3}% 9
\BOOKMARK [3][]{subsubsection.3.2.1}{Grid\040Constraints}{subsection.3.2}% 10
\BOOKMARK [3][]{subsubsection.3.2.2}{Simple\040Cone\040Model\040}{subsection.3.2}% 11
\BOOKMARK [2][]{subsection.3.3}{Grids\040Weights\040Assignment}{section.3}% 12
\BOOKMARK [1][]{section.4}{Entropy\040Weighting\040Model\040\(EWM\)}{}% 13
\BOOKMARK [2][]{subsection.4.1}{Normalization\040Processing}{section.4}% 14
\BOOKMARK [2][]{subsection.4.2}{Entropy\040Calculation}{section.4}% 15
\BOOKMARK [2][]{subsection.4.3}{Weights\040and\040Ranks\040Generation}{section.4}% 16
\BOOKMARK [1][]{section.5}{Resource\040Allocation\040Model\040\(RAM\)}{}% 17
\BOOKMARK [2][]{subsection.5.1}{Drones\040Rating\040Method}{section.5}% 18
\BOOKMARK [2][]{subsection.5.2}{Drones\040and\040Containers\040Configuration\040for\040Packing}{section.5}% 19
\BOOKMARK [1][]{section.6}{Optimum\040Localization\040Model\040\(OLM\)}{}% 20
\BOOKMARK [2][]{subsection.6.1}{Optimum\040Container\040Number}{section.6}% 21
\BOOKMARK [2][]{subsection.6.2}{Optimum\040Locations}{section.6}% 22
\BOOKMARK [1][]{section.7}{Solution\040for\040Drone\040Flight\040Plan\040Based\040on\040Above\040Solutions\040}{}% 23
\BOOKMARK [1][]{section.8}{Model\040Rationality\040Analysis}{}% 24
\BOOKMARK [1][]{section.9}{Strengths\040and\040Weaknesses}{}% 25
\BOOKMARK [2][]{subsection.9.1}{Strengths}{section.9}% 26
\BOOKMARK [2][]{subsection.9.2}{Weaknesses}{section.9}% 27
\BOOKMARK [1][]{section.10}{Memo}{}% 28
\BOOKMARK [1][]{section*.25}{Appendices}{}% 29
\BOOKMARK [1][]{Appendix.a.A}{Appendix\040Algorithms\0403\040and\0404}{}% 30
\BOOKMARK [1][]{Appendix.a.B}{Appendix\040Codes\040in\040Python}{}% 31
\BOOKMARK [1][]{Appendix.a.C}{Appendix\040Codes\040in\040Matlab}{}% 32
\BOOKMARK [1][]{Appendix.a.D}{Appendix\040Codes\040in\040C++}{}% 33
