\BOOKMARK [1][]{section.1}{Introduction}{}% 1
\BOOKMARK [2][]{subsection.1.1}{Background}{section.1}% 2
\BOOKMARK [2][]{subsection.1.2}{Restatement\040of\040the\040Problem}{section.1}% 3
\BOOKMARK [2][]{subsection.1.3}{Our\040Work}{section.1}% 4
\BOOKMARK [1][]{section.2}{Terminology\040Explained\040in\040Model}{}% 5
\BOOKMARK [1][]{section.3}{Assumptions}{}% 6
\BOOKMARK [1][]{section.4}{Symbols\040and\040Definitions}{}% 7
\BOOKMARK [1][]{section.5}{Simulation\040Model}{}% 8
\BOOKMARK [2][]{subsection.5.1}{Justification\040of\040Our\040Approach}{section.5}% 9
\BOOKMARK [3][]{subsubsection.5.1.1}{Justification\040of\040our\040approach}{subsection.5.1}% 10
\BOOKMARK [3][]{subsubsection.5.1.2}{Basic\040Model}{subsection.5.1}% 11
\BOOKMARK [3][]{subsubsection.5.1.3}{\040Solution\040and\040Result\040}{subsection.5.1}% 12
\BOOKMARK [3][]{subsubsection.5.1.4}{Result\040and\040Analysis}{subsection.5.1}% 13
\BOOKMARK [1][]{section.6}{Model\040II}{}% 14
\BOOKMARK [2][]{subsection.6.1}{Prediction\040Model}{section.6}% 15
\BOOKMARK [2][]{subsection.6.2}{Applications\040of\040Our\040Models}{section.6}% 16
\BOOKMARK [1][]{section.7}{Strengths\040and\040Weaknesses}{}% 17
\BOOKMARK [2][]{subsection.7.1}{Strengths}{section.7}% 18
\BOOKMARK [2][]{subsection.7.2}{Weaknesses}{section.7}% 19
\BOOKMARK [1][]{section*.12}{Appendices}{}% 20
\BOOKMARK [1][]{Appendix.a.A}{Appendix\040First\040appendix}{}% 21
\BOOKMARK [1][]{Appendix.a.B}{Appendix\040Second\040appendix}{}% 22
